> Task :extractIncludeProto UP-TO-DATE
> Task :generateProto UP-TO-DATE
> Task :compileJava UP-TO-DATE
> Task :processResources UP-TO-DATE
> Task :classes UP-TO-DATE

> Task :runProcessDataStore
SLF4J(W): No SLF4J providers were found.
SLF4J(W): Defaulting to no-operation (NOP) logger implementation
SLF4J(W): See https://www.slf4j.org/codes.html#noProviders for further details.

> Task :runProcessDataStore FAILED

FAILURE: Build failed with an exception.

* What went wrong:
Execution failed for task ':runProcessDataStore'.
> Process 'command '/Users/danielbagroff/Library/Java/JavaVirtualMachines/graalvm-jdk-21.0.8/Contents/Home/bin/java'' finished with non-zero exit value 143

* Try:
> Run with --stacktrace option to get the stack trace.
> Run with --info or --debug option to get more log output.
> Run with --scan to get full insights.
> Get more help at https://help.gradle.org.

BUILD FAILED in 7m 18s
5 actionable tasks: 1 executed, 4 up-to-date
